----------------------------------------------------------------
2012-02-14 06:44:57.191 GMT:
 Booting Derby version The Apache Software Foundation - Apache Derby - 10.5.3.0 - (802917): instance a816c00e-0135-7a9b-5940-0000090d29c0
on database directory /local/git/guvnor/guvnor-webapp-soa/target/guvnor-webapp-soa-5.4.0-SNAPSHOT/repository/version/db  

Database Class Loader started - derby.database.classpath=''
----------------------------------------------------------------
2012-02-14 06:45:00.155 GMT:
 Booting Derby version The Apache Software Foundation - Apache Derby - 10.5.3.0 - (802917): instance 9a4840c2-0135-7a9b-5940-0000090d29c0
on database directory /local/git/guvnor/guvnor-webapp-soa/target/guvnor-webapp-soa-5.4.0-SNAPSHOT/repository/workspaces/default/db  

Database Class Loader started - derby.database.classpath=''
----------------------------------------------------------------
2012-02-14 06:45:03.534 GMT:
 Booting Derby version The Apache Software Foundation - Apache Derby - 10.5.3.0 - (802917): instance 65f3c17b-0135-7a9b-5940-0000090d29c0
on database directory /local/git/guvnor/guvnor-webapp-soa/target/guvnor-webapp-soa-5.4.0-SNAPSHOT/repository/workspaces/security/db  

Database Class Loader started - derby.database.classpath=''

2012-02-16 02:46:17.701 GMT:
Shutting down instance 9a4840c2-0135-7a9b-5940-0000090d29c0
----------------------------------------------------------------

2012-02-16 02:46:19.340 GMT:
Shutting down instance 65f3c17b-0135-7a9b-5940-0000090d29c0
----------------------------------------------------------------

2012-02-16 02:46:20.229 GMT:
Shutting down instance a816c00e-0135-7a9b-5940-0000090d29c0
----------------------------------------------------------------
